<?xml version="1.0" encoding="UTF-8"?>
<!-- Generated by org.testng.reporters.JUnitReportReporter -->
<testsuite hostname="DESKTOP-68KUQKT" failures="0" tests="2" name="testCases.LoginTest" time="0.412" errors="0" timestamp="2024-10-12T03:13:15 IST" skipped="0">
  <testcase classname="testCases.LoginTest" name="loginToApp" time="0.175"/>
  <testcase classname="testCases.LoginTest" name="loginToApp" time="0.237"/>
</testsuite> <!-- testCases.LoginTest -->
