<?xml version="1.0" encoding="UTF-8"?>
<!-- Generated by org.testng.reporters.JUnitReportReporter -->
<testsuite hostname="DESKTOP-68KUQKT" failures="0" tests="2" name="testCases.LoginTest" time="0.440" errors="0" timestamp="2024-10-14T18:54:53 IST" skipped="0">
  <testcase classname="testCases.LoginTest" name="loginToApp" time="0.177"/>
  <testcase classname="testCases.LoginTest" name="loginToApp" time="0.263"/>
</testsuite> <!-- testCases.LoginTest -->
